<?xml version="1.0" encoding="UTF-8"?>
<!-- Generated by org.testng.reporters.JUnitXMLReporter -->
<testsuite ignored="0" hostname="LAPTOP-APP06KDG" failures="0" tests="4" name="Test" time="4.531" errors="0" timestamp="01 Aug. 2023 18:22:07 GMT">
  <testcase classname="com.sucharita.JiraApi.JiraAPICloudTest" name="testMetadataApiCall" time="2.259"/>
  <testcase classname="com.sucharita.JiraApi.JiraAPICloudTest" name="testCreateIssueApi" time="0.793"/>
  <testcase classname="com.sucharita.JiraApi.JiraAPICloudTest" name="testEditIssueSummaryApi" time="0.502"/>
  <testcase classname="com.sucharita.JiraApi.JiraAPICloudTest" name="testDeleteIssueUsingID" time="0.515"/>
</testsuite> <!-- Test -->
