<?xml version="1.0" encoding="UTF-8"?>
<testng-results ignored="3" total="7" passed="4" failed="0" skipped="0">
  <reporter-output>
  </reporter-output>
  <suite started-at="2023-07-05T19:50:05 EDT" name="Suite" finished-at="2023-07-05T19:50:37 EDT" duration-ms="31969">
    <groups>
    </groups>
    <test started-at="2023-07-05T19:50:05 EDT" name="Test" finished-at="2023-07-05T19:50:37 EDT" duration-ms="31969">
      <class name="com.naveenautomationlabs.AutomationFramework.YourStoreTest">
        <test-method is-config="true" signature="SetUpLogger()[pri:0, instance:com.naveenautomationlabs.AutomationFramework.YourStoreTest@593aaf41]" started-at="2023-07-05T19:50:14 EDT" name="SetUpLogger" finished-at="2023-07-05T19:50:14 EDT" duration-ms="4" status="PASS">
          <reporter-output>
          </reporter-output>
        </test-method> <!-- SetUpLogger -->
        <test-method is-config="true" signature="setUp()[pri:0, instance:com.naveenautomationlabs.AutomationFramework.YourStoreTest@593aaf41]" started-at="2023-07-05T19:50:14 EDT" name="setUp" finished-at="2023-07-05T19:50:19 EDT" duration-ms="5103" status="PASS">
          <reporter-output>
          </reporter-output>
        </test-method> <!-- setUp -->
        <test-method signature="validateLoginUsingValidCredentials()[pri:0, instance:com.naveenautomationlabs.AutomationFramework.YourStoreTest@593aaf41]" started-at="2023-07-05T19:50:19 EDT" name="validateLoginUsingValidCredentials" finished-at="2023-07-05T19:50:22 EDT" duration-ms="2259" status="PASS">
          <reporter-output>
          </reporter-output>
        </test-method> <!-- validateLoginUsingValidCredentials -->
        <test-method is-config="true" signature="quit()[pri:0, instance:com.naveenautomationlabs.AutomationFramework.YourStoreTest@593aaf41]" started-at="2023-07-05T19:50:22 EDT" name="quit" finished-at="2023-07-05T19:50:22 EDT" duration-ms="141" status="PASS">
          <reporter-output>
          </reporter-output>
        </test-method> <!-- quit -->
        <test-method is-config="true" signature="tearDown()[pri:0, instance:com.naveenautomationlabs.AutomationFramework.YourStoreTest@593aaf41]" started-at="2023-07-05T19:50:22 EDT" name="tearDown" finished-at="2023-07-05T19:50:22 EDT" duration-ms="0" status="PASS">
          <reporter-output>
          </reporter-output>
        </test-method> <!-- tearDown -->
        <test-method is-config="true" signature="setUp()[pri:0, instance:com.naveenautomationlabs.AutomationFramework.YourStoreTest@593aaf41]" started-at="2023-07-05T19:50:22 EDT" name="setUp" finished-at="2023-07-05T19:50:27 EDT" duration-ms="5067" status="PASS">
          <reporter-output>
          </reporter-output>
        </test-method> <!-- setUp -->
        <test-method signature="validateSearchProduct()[pri:0, instance:com.naveenautomationlabs.AutomationFramework.YourStoreTest@593aaf41]" started-at="2023-07-05T19:50:27 EDT" name="validateSearchProduct" finished-at="2023-07-05T19:50:30 EDT" duration-ms="2784" status="PASS">
          <reporter-output>
          </reporter-output>
        </test-method> <!-- validateSearchProduct -->
        <test-method is-config="true" signature="quit()[pri:0, instance:com.naveenautomationlabs.AutomationFramework.YourStoreTest@593aaf41]" started-at="2023-07-05T19:50:30 EDT" name="quit" finished-at="2023-07-05T19:50:30 EDT" duration-ms="156" status="PASS">
          <reporter-output>
          </reporter-output>
        </test-method> <!-- quit -->
        <test-method is-config="true" signature="tearDown()[pri:0, instance:com.naveenautomationlabs.AutomationFramework.YourStoreTest@593aaf41]" started-at="2023-07-05T19:50:30 EDT" name="tearDown" finished-at="2023-07-05T19:50:30 EDT" duration-ms="0" status="PASS">
          <reporter-output>
          </reporter-output>
        </test-method> <!-- tearDown -->
      </class> <!-- com.naveenautomationlabs.AutomationFramework.YourStoreTest -->
      <class name="com.naveenautomationlabs.AutomationFramework.AccountLoginTest">
        <test-method is-config="true" signature="SetUpLogger()[pri:0, instance:com.naveenautomationlabs.AutomationFramework.AccountLoginTest@1af2d44a]" started-at="2023-07-05T19:50:05 EDT" name="SetUpLogger" finished-at="2023-07-05T19:50:05 EDT" duration-ms="39" status="PASS">
          <reporter-output>
          </reporter-output>
        </test-method> <!-- SetUpLogger -->
        <test-method is-config="true" signature="setUp()[pri:0, instance:com.naveenautomationlabs.AutomationFramework.AccountLoginTest@1af2d44a]" started-at="2023-07-05T19:50:05 EDT" name="setUp" finished-at="2023-07-05T19:50:12 EDT" duration-ms="6139" status="PASS">
          <reporter-output>
          </reporter-output>
        </test-method> <!-- setUp -->
        <test-method signature="validateLoginUsingValidCredentials()[pri:0, instance:com.naveenautomationlabs.AutomationFramework.AccountLoginTest@1af2d44a]" started-at="2023-07-05T19:50:12 EDT" name="validateLoginUsingValidCredentials" finished-at="2023-07-05T19:50:14 EDT" duration-ms="2493" status="PASS">
          <reporter-output>
          </reporter-output>
        </test-method> <!-- validateLoginUsingValidCredentials -->
        <test-method is-config="true" signature="quit()[pri:0, instance:com.naveenautomationlabs.AutomationFramework.AccountLoginTest@1af2d44a]" started-at="2023-07-05T19:50:14 EDT" name="quit" finished-at="2023-07-05T19:50:14 EDT" duration-ms="233" status="PASS">
          <reporter-output>
          </reporter-output>
        </test-method> <!-- quit -->
        <test-method is-config="true" signature="tearDown()[pri:0, instance:com.naveenautomationlabs.AutomationFramework.AccountLoginTest@1af2d44a]" started-at="2023-07-05T19:50:14 EDT" name="tearDown" finished-at="2023-07-05T19:50:14 EDT" duration-ms="0" status="PASS">
          <reporter-output>
          </reporter-output>
        </test-method> <!-- tearDown -->
      </class> <!-- com.naveenautomationlabs.AutomationFramework.AccountLoginTest -->
      <class name="com.naveenautomationlabs.AutomationFramework.CartTest">
        <test-method is-config="true" signature="SetUpLogger()[pri:0, instance:com.naveenautomationlabs.AutomationFramework.CartTest@5a56cdac]" started-at="2023-07-05T19:50:30 EDT" name="SetUpLogger" finished-at="2023-07-05T19:50:30 EDT" duration-ms="1" status="PASS">
          <reporter-output>
          </reporter-output>
        </test-method> <!-- SetUpLogger -->
        <test-method is-config="true" signature="setUp()[pri:0, instance:com.naveenautomationlabs.AutomationFramework.CartTest@5a56cdac]" started-at="2023-07-05T19:50:30 EDT" name="setUp" finished-at="2023-07-05T19:50:35 EDT" duration-ms="5048" status="PASS">
          <reporter-output>
          </reporter-output>
        </test-method> <!-- setUp -->
        <test-method signature="testAddToCart()[pri:0, instance:com.naveenautomationlabs.AutomationFramework.CartTest@5a56cdac]" started-at="2023-07-05T19:50:35 EDT" name="testAddToCart" finished-at="2023-07-05T19:50:37 EDT" duration-ms="2064" status="PASS">
          <reporter-output>
          </reporter-output>
        </test-method> <!-- testAddToCart -->
        <test-method is-config="true" signature="quit()[pri:0, instance:com.naveenautomationlabs.AutomationFramework.CartTest@5a56cdac]" started-at="2023-07-05T19:50:37 EDT" name="quit" finished-at="2023-07-05T19:50:37 EDT" duration-ms="168" status="PASS">
          <reporter-output>
          </reporter-output>
        </test-method> <!-- quit -->
        <test-method is-config="true" signature="tearDown()[pri:0, instance:com.naveenautomationlabs.AutomationFramework.CartTest@5a56cdac]" started-at="2023-07-05T19:50:37 EDT" name="tearDown" finished-at="2023-07-05T19:50:37 EDT" duration-ms="0" status="PASS">
          <reporter-output>
          </reporter-output>
        </test-method> <!-- tearDown -->
      </class> <!-- com.naveenautomationlabs.AutomationFramework.CartTest -->
    </test> <!-- Test -->
  </suite> <!-- Suite -->
</testng-results>
