<?xml version="1.0" encoding="UTF-8"?>
<!-- Generated by org.testng.reporters.JUnitXMLReporter -->
<testsuite ignored="3" hostname="LAPTOP-APP06KDG" failures="0" tests="4" name="Test" time="31.969" errors="0" timestamp="2023-07-05T19:50:37 EDT">
  <testcase classname="com.naveenautomationlabs.AutomationFramework.AccountLoginTest" name="validateLoginUsingValidCredentials" time="2.493"/>
  <testcase classname="com.naveenautomationlabs.AutomationFramework.YourStoreTest" name="validateLoginUsingValidCredentials" time="2.259"/>
  <testcase classname="com.naveenautomationlabs.AutomationFramework.YourStoreTest" name="validateSearchProduct" time="2.784"/>
  <testcase classname="com.naveenautomationlabs.AutomationFramework.CartTest" name="testAddToCart" time="2.064"/>
  <testcase classname="com.naveenautomationlabs.AutomationFramework.YourStoreTest" name="testFailure" time="0.0">
    <ignored/>
  </testcase> <!-- testFailure -->
  <testcase classname="com.naveenautomationlabs.AutomationFramework.YourStoreTest" name="testMovingDots" time="0.0">
    <ignored/>
  </testcase> <!-- testMovingDots -->
  <testcase classname="com.naveenautomationlabs.AutomationFramework.YourStoreTest" name="vaidateMovingElement" time="0.0">
    <ignored/>
  </testcase> <!-- vaidateMovingElement -->
</testsuite> <!-- Test -->
