<?xml version="1.0" encoding="UTF-8"?>
<!-- Generated by org.testng.reporters.JUnitXMLReporter -->
<testsuite ignored="3" hostname="LAPTOP-APP06KDG" failures="0" tests="1" name="Default test" time="8.437" errors="0" timestamp="2023-06-11T19:02:48 EDT">
  <testcase classname="com.sucharita.learningSelennium.Assignment1ChangePassword" name="validatePasswordChangeWithWeakPassword" time="2.696"/>
  <testcase classname="com.sucharita.learningSelennium.Assignment1ChangePassword" name="validateChangePasswordWithMismatchPassword" time="0.0">
    <ignored/>
  </testcase> <!-- validateChangePasswordWithMismatchPassword -->
  <testcase classname="com.sucharita.learningSelennium.Assignment1ChangePassword" name="validatePasswordChangeWithCorrectDetails" time="0.0">
    <ignored/>
  </testcase> <!-- validatePasswordChangeWithCorrectDetails -->
  <testcase classname="com.sucharita.learningSelennium.Assignment1ChangePassword" name="validatePasswordChangeWithMissingField" time="0.0">
    <ignored/>
  </testcase> <!-- validatePasswordChangeWithMissingField -->
</testsuite> <!-- Default test -->
