<?xml version="1.0" encoding="UTF-8"?>
<testng-results ignored="0" total="1" passed="1" failed="0" skipped="0">
  <reporter-output>
  </reporter-output>
  <suite started-at="2023-06-18T17:45:16 EDT" name="Default suite" finished-at="2023-06-18T17:45:31 EDT" duration-ms="15141">
    <groups>
    </groups>
    <test started-at="2023-06-18T17:45:16 EDT" name="Default test" finished-at="2023-06-18T17:45:31 EDT" duration-ms="15141">
      <class name="com.demonopcommerce.AutomationFRamework.CheckOutPageTest">
        <test-method is-config="true" signature="setUp()[pri:0, instance:com.demonopcommerce.AutomationFRamework.CheckOutPageTest@6a84a97d]" started-at="2023-06-18T17:45:16 EDT" name="setUp" finished-at="2023-06-18T17:45:20 EDT" duration-ms="4144" status="PASS">
          <reporter-output>
          </reporter-output>
        </test-method> <!-- setUp -->
        <test-method signature="validateShoppingWithRegisterLogin()[pri:0, instance:com.demonopcommerce.AutomationFRamework.CheckOutPageTest@6a84a97d]" started-at="2023-06-18T17:45:20 EDT" name="validateShoppingWithRegisterLogin" finished-at="2023-06-18T17:45:31 EDT" duration-ms="10754" status="PASS">
          <reporter-output>
          </reporter-output>
        </test-method> <!-- validateShoppingWithRegisterLogin -->
        <test-method is-config="true" signature="quit()[pri:0, instance:com.demonopcommerce.AutomationFRamework.CheckOutPageTest@6a84a97d]" started-at="2023-06-18T17:45:31 EDT" name="quit" finished-at="2023-06-18T17:45:31 EDT" duration-ms="207" status="PASS">
          <reporter-output>
          </reporter-output>
        </test-method> <!-- quit -->
      </class> <!-- com.demonopcommerce.AutomationFRamework.CheckOutPageTest -->
    </test> <!-- Default test -->
  </suite> <!-- Default suite -->
</testng-results>
