<?xml version="1.0" encoding="UTF-8"?>
<!-- Generated by org.testng.reporters.JUnitXMLReporter -->
<testsuite ignored="0" hostname="LAPTOP-APP06KDG" failures="0" tests="5" name="Test" time="0.079" errors="0" timestamp="30 May 2023 14:14:12 GMT">
  <testcase classname="demoTestNG.SecondClassTestNG" name="test2" time="0.007"/>
  <testcase classname="demoTestNG.SecondClassTestNG" name="test3" time="0.002"/>
  <testcase classname="demoTestNG.FirstClassTestNG" name="test3" time="0.002"/>
  <testcase classname="demoTestNG.FirstClassTestNG" name="test2" time="0.004"/>
  <testcase classname="demoTestNG.FirstClassTestNG" name="test1" time="0.001"/>
</testsuite> <!-- Test -->
