<?xml version="1.0" encoding="UTF-8"?>
<!-- Generated by org.testng.reporters.JUnitXMLReporter -->
<testsuite ignored="2" hostname="LAPTOP-APP06KDG" failures="0" tests="1" name="Default test" time="11.333" errors="0" timestamp="2023-06-29T18:32:04 EDT">
  <testcase classname="com.naveenautomationlabs.AutomationFramework.MyWishListTest" name="validateAddToWishListTable" time="0.612"/>
  <testcase classname="com.naveenautomationlabs.AutomationFramework.MyWishListTest" name="validateLoginUsingValidCredentials" time="0.0">
    <ignored/>
  </testcase> <!-- validateLoginUsingValidCredentials -->
  <testcase classname="com.naveenautomationlabs.AutomationFramework.MyWishListTest" name="validateAddToWishList" time="0.0">
    <ignored/>
  </testcase> <!-- validateAddToWishList -->
</testsuite> <!-- Default test -->
