<?xml version="1.0" encoding="UTF-8"?>
<testng-results ignored="0" total="4" passed="4" failed="0" skipped="0">
  <reporter-output>
  </reporter-output>
  <suite started-at="2023-08-01T18:22:02Z" name="Suite" finished-at="2023-08-01T18:22:07Z" duration-ms="4531">
    <groups>
    </groups>
    <test started-at="2023-08-01T18:22:02Z" name="Test" finished-at="2023-08-01T18:22:07Z" duration-ms="4531">
      <class name="com.sucharita.JiraApi.JiraAPICloudTest">
        <test-method is-config="true" signature="setup()[pri:0, instance:com.sucharita.JiraApi.JiraAPICloudTest@6853425f]" started-at="2023-08-01T18:22:02Z" name="setup" finished-at="2023-08-01T18:22:02Z" duration-ms="431" status="PASS">
          <reporter-output>
          </reporter-output>
        </test-method> <!-- setup -->
        <test-method signature="testMetadataApiCall()[pri:1, instance:com.sucharita.JiraApi.JiraAPICloudTest@6853425f]" started-at="2023-08-01T18:22:02Z" name="testMetadataApiCall" finished-at="2023-08-01T18:22:05Z" duration-ms="2259" status="PASS">
          <reporter-output>
          </reporter-output>
        </test-method> <!-- testMetadataApiCall -->
        <test-method signature="testCreateIssueApi()[pri:2, instance:com.sucharita.JiraApi.JiraAPICloudTest@6853425f]" started-at="2023-08-01T18:22:05Z" name="testCreateIssueApi" finished-at="2023-08-01T18:22:06Z" duration-ms="793" status="PASS">
          <reporter-output>
          </reporter-output>
        </test-method> <!-- testCreateIssueApi -->
        <test-method signature="testEditIssueSummaryApi()[pri:3, instance:com.sucharita.JiraApi.JiraAPICloudTest@6853425f]" started-at="2023-08-01T18:22:06Z" name="testEditIssueSummaryApi" finished-at="2023-08-01T18:22:06Z" duration-ms="502" status="PASS">
          <reporter-output>
          </reporter-output>
        </test-method> <!-- testEditIssueSummaryApi -->
        <test-method signature="testDeleteIssueUsingID()[pri:4, instance:com.sucharita.JiraApi.JiraAPICloudTest@6853425f]" started-at="2023-08-01T18:22:06Z" name="testDeleteIssueUsingID" finished-at="2023-08-01T18:22:07Z" duration-ms="515" status="PASS">
          <reporter-output>
          </reporter-output>
        </test-method> <!-- testDeleteIssueUsingID -->
      </class> <!-- com.sucharita.JiraApi.JiraAPICloudTest -->
    </test> <!-- Test -->
  </suite> <!-- Suite -->
</testng-results>
