<?xml version="1.0" encoding="UTF-8"?>
<!-- Generated by org.testng.reporters.JUnitXMLReporter -->
<testsuite ignored="0" hostname="LAPTOP-APP06KDG" failures="0" tests="4" name="Default test" time="4.966" errors="0" timestamp="01 Aug. 2023 18:17:58 GMT">
  <testcase classname="com.sucharita.JiraApi.JiraAPICloudTest" name="testMetadataApiCall" time="2.134"/>
  <testcase classname="com.sucharita.JiraApi.JiraAPICloudTest" name="testCreateIssueApi" time="1.116"/>
  <testcase classname="com.sucharita.JiraApi.JiraAPICloudTest" name="testEditIssueSummaryApi" time="0.453"/>
  <testcase classname="com.sucharita.JiraApi.JiraAPICloudTest" name="testDeleteIssueUsingID" time="0.654"/>
</testsuite> <!-- Default test -->
