<?xml version="1.0" encoding="UTF-8"?>
<testng-results ignored="3" total="4" passed="1" failed="0" skipped="0">
  <reporter-output>
  </reporter-output>
  <suite started-at="2023-06-11T19:02:40 EDT" name="Default suite" finished-at="2023-06-11T19:02:48 EDT" duration-ms="8437">
    <groups>
    </groups>
    <test started-at="2023-06-11T19:02:40 EDT" name="Default test" finished-at="2023-06-11T19:02:48 EDT" duration-ms="8437">
      <class name="com.sucharita.learningSelennium.Assignment1ChangePassword">
        <test-method is-config="true" signature="setup()[pri:0, instance:com.sucharita.learningSelennium.Assignment1ChangePassword@383bfa16]" started-at="2023-06-11T19:02:40 EDT" name="setup" finished-at="2023-06-11T19:02:46 EDT" duration-ms="5691" status="PASS">
          <reporter-output>
          </reporter-output>
        </test-method> <!-- setup -->
        <test-method signature="validatePasswordChangeWithWeakPassword()[pri:0, instance:com.sucharita.learningSelennium.Assignment1ChangePassword@383bfa16]" started-at="2023-06-11T19:02:46 EDT" name="validatePasswordChangeWithWeakPassword" finished-at="2023-06-11T19:02:48 EDT" duration-ms="2696" status="PASS">
          <reporter-output>
          </reporter-output>
        </test-method> <!-- validatePasswordChangeWithWeakPassword -->
        <test-method is-config="true" signature="tearDown()[pri:0, instance:com.sucharita.learningSelennium.Assignment1ChangePassword@383bfa16]" started-at="2023-06-11T19:02:48 EDT" name="tearDown" finished-at="2023-06-11T19:02:48 EDT" duration-ms="0" status="PASS">
          <reporter-output>
          </reporter-output>
        </test-method> <!-- tearDown -->
      </class> <!-- com.sucharita.learningSelennium.Assignment1ChangePassword -->
    </test> <!-- Default test -->
  </suite> <!-- Default suite -->
</testng-results>
